# JRE version: Java(TM) SE Runtime Environment (17.0.10+11) (build 17.0.10+11-LTS-240)
# Java VM: Java HotSpot(TM) 64-Bit Server VM (17.0.10+11-LTS-240, mixed mode, sharing, tiered, compressed oops, compressed class ptrs, g1 gc, windows-amd64)
GC Precious Log:
 CPUs: 8 total, 8 available
 Memory: 8006M
 Large Page Support: Disabled
 NUMA Support: Disabled
 Compressed Oops: Enabled (32-bit)
 Heap Region Size: 1M
 Heap Min Capacity: 8M
 Heap Initial Capacity: 126M
 Heap Max Capacity: 2G
 Pre-touch: Disabled
 Parallel Workers: 8
 Concurrent Workers: 2
 Concurrent Refinement Workers: 8
 Periodic GC: Disabled
Heap:
 garbage-first heap   total 307200K, used 265701K [0x0000000080000000, 0x0000000100000000)
  region size 1024K, 17 young (17408K), 3 survivors (3072K)
 Metaspace       used 113180K, committed 114816K, reserved 557056K
  class space    used 15835K, committed 16576K, reserved 425984K
GC Heap History (20 events):
Event: 159.841 GC heap before
{Heap before GC invocations=67 (full 0):
 garbage-first heap   total 307200K, used 255238K [0x0000000080000000, 0x0000000100000000)
  region size 1024K, 54 young (55296K), 8 survivors (8192K)
 Metaspace       used 107171K, committed 108544K, reserved 557056K
  class space    used 15061K, committed 15680K, reserved 425984K
}
Event: 159.856 GC heap after
{Heap after GC invocations=68 (full 0):
 garbage-first heap   total 307200K, used 215633K [0x0000000080000000, 0x0000000100000000)
  region size 1024K, 7 young (7168K), 7 survivors (7168K)
 Metaspace       used 107171K, committed 108544K, reserved 557056K
  class space    used 15061K, committed 15680K, reserved 425984K
}
Event: 161.667 GC heap before
{Heap before GC invocations=68 (full 0):
 garbage-first heap   total 307200K, used 257617K [0x0000000080000000, 0x0000000100000000)
  region size 1024K, 48 young (49152K), 7 survivors (7168K)
 Metaspace       used 107526K, committed 108992K, reserved 557056K
  class space    used 15104K, committed 15744K, reserved 425984K
}
Event: 161.680 GC heap after
{Heap after GC invocations=69 (full 0):
 garbage-first heap   total 307200K, used 223933K [0x0000000080000000, 0x0000000100000000)
  region size 1024K, 6 young (6144K), 6 survivors (6144K)
 Metaspace       used 107526K, committed 108992K, reserved 557056K
  class space    used 15104K, committed 15744K, reserved 425984K
}
Event: 162.812 GC heap before
{Heap before GC invocations=69 (full 0):
 garbage-first heap   total 307200K, used 259773K [0x0000000080000000, 0x0000000100000000)
  region size 1024K, 40 young (40960K), 6 survivors (6144K)
 Metaspace       used 107736K, committed 109248K, reserved 557056K
  class space    used 15134K, committed 15808K, reserved 425984K
}
Event: 162.825 GC heap after
{Heap after GC invocations=70 (full 0):
 garbage-first heap   total 307200K, used 232125K [0x0000000080000000, 0x0000000100000000)
  region size 1024K, 5 young (5120K), 5 survivors (5120K)
 Metaspace       used 107736K, committed 109248K, reserved 557056K
  class space    used 15134K, committed 15808K, reserved 425984K
}
Event: 165.679 GC heap before
{Heap before GC invocations=70 (full 0):
 garbage-first heap   total 307200K, used 261821K [0x0000000080000000, 0x0000000100000000)
  region size 1024K, 34 young (34816K), 5 survivors (5120K)
 Metaspace       used 108595K, committed 110080K, reserved 557056K
  class space    used 15255K, committed 15936K, reserved 425984K
}
Event: 165.693 GC heap after
{Heap after GC invocations=71 (full 0):
 garbage-first heap   total 307200K, used 236317K [0x0000000080000000, 0x0000000100000000)
  region size 1024K, 4 young (4096K), 4 survivors (4096K)
 Metaspace       used 108595K, committed 110080K, reserved 557056K
  class space    used 15255K, committed 15936K, reserved 425984K
}
Event: 168.909 GC heap before
{Heap before GC invocations=71 (full 0):
 garbage-first heap   total 307200K, used 262941K [0x0000000080000000, 0x0000000100000000)
  region size 1024K, 30 young (30720K), 4 survivors (4096K)
 Metaspace       used 109549K, committed 111104K, reserved 557056K
  class space    used 15374K, committed 16064K, reserved 425984K
}
Event: 168.919 GC heap after
{Heap after GC invocations=72 (full 0):
 garbage-first heap   total 307200K, used 238267K [0x0000000080000000, 0x0000000100000000)
  region size 1024K, 2 young (2048K), 2 survivors (2048K)
 Metaspace       used 109549K, committed 111104K, reserved 557056K
  class space    used 15374K, committed 16064K, reserved 425984K
}
Event: 170.424 GC heap before
{Heap before GC invocations=72 (full 0):
 garbage-first heap   total 307200K, used 264891K [0x0000000080000000, 0x0000000100000000)
  region size 1024K, 28 young (28672K), 2 survivors (2048K)
 Metaspace       used 110225K, committed 111808K, reserved 557056K
  class space    used 15477K, committed 16192K, reserved 425984K
}
Event: 170.429 GC heap after
{Heap after GC invocations=73 (full 0):
 garbage-first heap   total 307200K, used 240010K [0x0000000080000000, 0x0000000100000000)
  region size 1024K, 4 young (4096K), 4 survivors (4096K)
 Metaspace       used 110225K, committed 111808K, reserved 557056K
  class space    used 15477K, committed 16192K, reserved 425984K
}
Event: 171.168 GC heap before
{Heap before GC invocations=73 (full 0):
 garbage-first heap   total 307200K, used 265610K [0x0000000080000000, 0x0000000100000000)
  region size 1024K, 29 young (29696K), 4 survivors (4096K)
 Metaspace       used 111738K, committed 113344K, reserved 557056K
  class space    used 15672K, committed 16384K, reserved 425984K
}
Event: 171.175 GC heap after
{Heap after GC invocations=74 (full 0):
 garbage-first heap   total 307200K, used 241591K [0x0000000080000000, 0x0000000100000000)
  region size 1024K, 4 young (4096K), 4 survivors (4096K)
 Metaspace       used 111738K, committed 113344K, reserved 557056K
  class space    used 15672K, committed 16384K, reserved 425984K
}
Event: 172.470 GC heap before
{Heap before GC invocations=74 (full 0):
 garbage-first heap   total 307200K, used 267191K [0x0000000080000000, 0x0000000100000000)
  region size 1024K, 29 young (29696K), 4 survivors (4096K)
 Metaspace       used 112823K, committed 114432K, reserved 557056K
  class space    used 15797K, committed 16512K, reserved 425984K
}
Event: 172.479 GC heap after
{Heap after GC invocations=75 (full 0):
 garbage-first heap   total 307200K, used 244355K [0x0000000080000000, 0x0000000100000000)
  region size 1024K, 4 young (4096K), 4 survivors (4096K)
 Metaspace       used 112823K, committed 114432K, reserved 557056K
  class space    used 15797K, committed 16512K, reserved 425984K
}
Event: 173.679 GC heap before
{Heap before GC invocations=75 (full 0):
 garbage-first heap   total 307200K, used 267907K [0x0000000080000000, 0x0000000100000000)
  region size 1024K, 27 young (27648K), 4 survivors (4096K)
 Metaspace       used 112951K, committed 114560K, reserved 557056K
  class space    used 15808K, committed 16512K, reserved 425984K
}
Event: 173.692 GC heap after
{Heap after GC invocations=76 (full 0):
 garbage-first heap   total 307200K, used 249131K [0x0000000080000000, 0x0000000100000000)
  region size 1024K, 4 young (4096K), 4 survivors (4096K)
 Metaspace       used 112951K, committed 114560K, reserved 557056K
  class space    used 15808K, committed 16512K, reserved 425984K
}
Event: 174.429 GC heap before
{Heap before GC invocations=76 (full 0):
 garbage-first heap   total 307200K, used 267563K [0x0000000080000000, 0x0000000100000000)
  region size 1024K, 22 young (22528K), 4 survivors (4096K)
 Metaspace       used 113052K, committed 114624K, reserved 557056K
  class space    used 15821K, committed 16512K, reserved 425984K
}
Event: 174.438 GC heap after
{Heap after GC invocations=77 (full 0):
 garbage-first heap   total 307200K, used 252389K [0x0000000080000000, 0x0000000100000000)
  region size 1024K, 3 young (3072K), 3 survivors (3072K)
 Metaspace       used 113052K, committed 114624K, reserved 557056K
  class space    used 15821K, committed 16512K, reserved 425984K
}

