# JRE version: Java(TM) SE Runtime Environment (17.0.10+11) (build 17.0.10+11-LTS-240)
# Java VM: Java HotSpot(TM) 64-Bit Server VM (17.0.10+11-LTS-240, mixed mode, sharing, tiered, compressed oops, compressed class ptrs, g1 gc, windows-amd64)
GC Precious Log:
 CPUs: 8 total, 8 available
 Memory: 8006M
 Large Page Support: Disabled
 NUMA Support: Disabled
 Compressed Oops: Enabled (32-bit)
 Heap Region Size: 1M
 Heap Min Capacity: 8M
 Heap Initial Capacity: 126M
 Heap Max Capacity: 2G
 Pre-touch: Disabled
 Parallel Workers: 8
 Concurrent Workers: 2
 Concurrent Refinement Workers: 8
 Periodic GC: Disabled
Heap:
 garbage-first heap   total 201728K, used 150123K [0x0000000080000000, 0x0000000100000000)
  region size 1024K, 56 young (57344K), 7 survivors (7168K)
 Metaspace       used 83815K, committed 84672K, reserved 557056K
  class space    used 11733K, committed 12160K, reserved 425984K
GC Heap History (20 events):
Event: 46.848 GC heap before
{Heap before GC invocations=40 (full 0):
 garbage-first heap   total 124928K, used 100808K [0x0000000080000000, 0x0000000100000000)
  region size 1024K, 18 young (18432K), 4 survivors (4096K)
 Metaspace       used 69192K, committed 69952K, reserved 491520K
  class space    used 9843K, committed 10176K, reserved 425984K
}
Event: 46.851 GC heap after
{Heap after GC invocations=41 (full 0):
 garbage-first heap   total 124928K, used 88647K [0x0000000080000000, 0x0000000100000000)
  region size 1024K, 1 young (1024K), 1 survivors (1024K)
 Metaspace       used 69192K, committed 69952K, reserved 491520K
  class space    used 9843K, committed 10176K, reserved 425984K
}
Event: 47.303 GC heap before
{Heap before GC invocations=41 (full 0):
 garbage-first heap   total 124928K, used 102983K [0x0000000080000000, 0x0000000100000000)
  region size 1024K, 15 young (15360K), 1 survivors (1024K)
 Metaspace       used 70340K, committed 71104K, reserved 491520K
  class space    used 9978K, committed 10368K, reserved 425984K
}
Event: 47.306 GC heap after
{Heap after GC invocations=42 (full 0):
 garbage-first heap   total 124928K, used 89244K [0x0000000080000000, 0x0000000100000000)
  region size 1024K, 2 young (2048K), 2 survivors (2048K)
 Metaspace       used 70340K, committed 71104K, reserved 491520K
  class space    used 9978K, committed 10368K, reserved 425984K
}
Event: 47.621 GC heap before
{Heap before GC invocations=42 (full 0):
 garbage-first heap   total 124928K, used 102556K [0x0000000080000000, 0x0000000100000000)
  region size 1024K, 16 young (16384K), 2 survivors (2048K)
 Metaspace       used 71779K, committed 72512K, reserved 491520K
  class space    used 10115K, committed 10496K, reserved 425984K
}
Event: 47.623 GC heap after
{Heap after GC invocations=43 (full 0):
 garbage-first heap   total 124928K, used 89210K [0x0000000080000000, 0x0000000100000000)
  region size 1024K, 1 young (1024K), 1 survivors (1024K)
 Metaspace       used 71779K, committed 72512K, reserved 491520K
  class space    used 10115K, committed 10496K, reserved 425984K
}
Event: 48.274 GC heap before
{Heap before GC invocations=43 (full 0):
 garbage-first heap   total 124928K, used 103546K [0x0000000080000000, 0x0000000100000000)
  region size 1024K, 16 young (16384K), 1 survivors (1024K)
 Metaspace       used 73614K, committed 74304K, reserved 491520K
  class space    used 10332K, committed 10688K, reserved 425984K
}
Event: 48.279 GC heap after
{Heap after GC invocations=44 (full 0):
 garbage-first heap   total 124928K, used 90971K [0x0000000080000000, 0x0000000100000000)
  region size 1024K, 2 young (2048K), 2 survivors (2048K)
 Metaspace       used 73614K, committed 74304K, reserved 491520K
  class space    used 10332K, committed 10688K, reserved 425984K
}
Event: 48.488 GC heap before
{Heap before GC invocations=44 (full 0):
 garbage-first heap   total 124928K, used 109403K [0x0000000080000000, 0x0000000100000000)
  region size 1024K, 15 young (15360K), 2 survivors (2048K)
 Metaspace       used 73903K, committed 74688K, reserved 491520K
  class space    used 10363K, committed 10752K, reserved 425984K
}
Event: 48.493 GC heap after
{Heap after GC invocations=45 (full 0):
 garbage-first heap   total 124928K, used 99158K [0x0000000080000000, 0x0000000100000000)
  region size 1024K, 2 young (2048K), 2 survivors (2048K)
 Metaspace       used 73903K, committed 74688K, reserved 491520K
  class space    used 10363K, committed 10752K, reserved 425984K
}
Event: 48.751 GC heap before
{Heap before GC invocations=45 (full 0):
 garbage-first heap   total 124928K, used 104278K [0x0000000080000000, 0x0000000100000000)
  region size 1024K, 8 young (8192K), 2 survivors (2048K)
 Metaspace       used 74195K, committed 74944K, reserved 491520K
  class space    used 10422K, committed 10816K, reserved 425984K
}
Event: 48.754 GC heap after
{Heap after GC invocations=46 (full 0):
 garbage-first heap   total 124928K, used 96478K [0x0000000080000000, 0x0000000100000000)
  region size 1024K, 1 young (1024K), 1 survivors (1024K)
 Metaspace       used 74195K, committed 74944K, reserved 491520K
  class space    used 10422K, committed 10816K, reserved 425984K
}
Event: 49.018 GC heap before
{Heap before GC invocations=47 (full 0):
 garbage-first heap   total 167936K, used 103646K [0x0000000080000000, 0x0000000100000000)
  region size 1024K, 9 young (9216K), 1 survivors (1024K)
 Metaspace       used 74779K, committed 75584K, reserved 491520K
  class space    used 10494K, committed 10880K, reserved 425984K
}
Event: 49.021 GC heap after
{Heap after GC invocations=48 (full 0):
 garbage-first heap   total 167936K, used 95805K [0x0000000080000000, 0x0000000100000000)
  region size 1024K, 2 young (2048K), 2 survivors (2048K)
 Metaspace       used 74779K, committed 75584K, reserved 491520K
  class space    used 10494K, committed 10880K, reserved 425984K
}
Event: 49.186 GC heap before
{Heap before GC invocations=48 (full 0):
 garbage-first heap   total 167936K, used 101949K [0x0000000080000000, 0x0000000100000000)
  region size 1024K, 8 young (8192K), 2 survivors (2048K)
 Metaspace       used 75260K, committed 76032K, reserved 557056K
  class space    used 10552K, committed 10944K, reserved 425984K
}
Event: 49.190 GC heap after
{Heap after GC invocations=49 (full 0):
 garbage-first heap   total 201728K, used 94561K [0x0000000080000000, 0x0000000100000000)
  region size 1024K, 1 young (1024K), 1 survivors (1024K)
 Metaspace       used 75260K, committed 76032K, reserved 557056K
  class space    used 10552K, committed 10944K, reserved 425984K
}
Event: 50.800 GC heap before
{Heap before GC invocations=49 (full 0):
 garbage-first heap   total 201728K, used 157025K [0x0000000080000000, 0x0000000100000000)
  region size 1024K, 62 young (63488K), 1 survivors (1024K)
 Metaspace       used 79725K, committed 80448K, reserved 557056K
  class space    used 11156K, committed 11520K, reserved 425984K
}
Event: 50.804 GC heap after
{Heap after GC invocations=50 (full 0):
 garbage-first heap   total 201728K, used 96941K [0x0000000080000000, 0x0000000100000000)
  region size 1024K, 3 young (3072K), 3 survivors (3072K)
 Metaspace       used 79725K, committed 80448K, reserved 557056K
  class space    used 11156K, committed 11520K, reserved 425984K
}
Event: 52.443 GC heap before
{Heap before GC invocations=50 (full 0):
 garbage-first heap   total 201728K, used 160429K [0x0000000080000000, 0x0000000100000000)
  region size 1024K, 65 young (66560K), 3 survivors (3072K)
 Metaspace       used 82422K, committed 83200K, reserved 557056K
  class space    used 11536K, committed 11904K, reserved 425984K
}
Event: 52.452 GC heap after
{Heap after GC invocations=51 (full 0):
 garbage-first heap   total 201728K, used 100971K [0x0000000080000000, 0x0000000100000000)
  region size 1024K, 7 young (7168K), 7 survivors (7168K)
 Metaspace       used 82422K, committed 83200K, reserved 557056K
  class space    used 11536K, committed 11904K, reserved 425984K
}

